# JRE version: OpenJDK Runtime Environment Microsoft-8297089 (17.0.8.1+1) (build 17.0.8.1+1-LTS)
# Java VM: OpenJDK 64-Bit Server VM Microsoft-8297089 (17.0.8.1+1-LTS, mixed mode, sharing, tiered, compressed oops, compressed class ptrs, g1 gc, windows-amd64)
GC Precious Log:
 CPUs: 12 total, 12 available
 Memory: 7520M
 Large Page Support: Disabled
 NUMA Support: Disabled
 Compressed Oops: Enabled (32-bit)
 Heap Region Size: 1M
 Heap Min Capacity: 8M
 Heap Initial Capacity: 8M
 Heap Max Capacity: 1882M
 Pre-touch: Disabled
 Parallel Workers: 10
 Concurrent Workers: 3
 Concurrent Refinement Workers: 10
 Periodic GC: Disabled
Heap:
 garbage-first heap   total 245760K, used 113779K [0x000000008a600000, 0x0000000100000000)
  region size 1024K, 27 young (27648K), 9 survivors (9216K)
 Metaspace       used 11920K, committed 12096K, reserved 1114112K
  class space    used 1124K, committed 1216K, reserved 1048576K
GC Heap History (20 events):
Event: 4.246 GC heap before
{Heap before GC invocations=30 (full 0):
 garbage-first heap   total 103424K, used 71680K [0x000000008a600000, 0x0000000100000000)
  region size 1024K, 43 young (44032K), 3 survivors (3072K)
 Metaspace       used 9170K, committed 9408K, reserved 1114112K
  class space    used 989K, committed 1088K, reserved 1048576K
}
Event: 4.267 GC heap after
{Heap after GC invocations=31 (full 0):
 garbage-first heap   total 103424K, used 42289K [0x000000008a600000, 0x0000000100000000)
  region size 1024K, 6 young (6144K), 6 survivors (6144K)
 Metaspace       used 9170K, committed 9408K, reserved 1114112K
  class space    used 989K, committed 1088K, reserved 1048576K
}
Event: 4.395 GC heap before
{Heap before GC invocations=31 (full 0):
 garbage-first heap   total 103424K, used 70961K [0x000000008a600000, 0x0000000100000000)
  region size 1024K, 34 young (34816K), 6 survivors (6144K)
 Metaspace       used 9269K, committed 9472K, reserved 1114112K
  class space    used 989K, committed 1088K, reserved 1048576K
}
Event: 4.427 GC heap after
{Heap after GC invocations=32 (full 0):
 garbage-first heap   total 103424K, used 63488K [0x000000008a600000, 0x0000000100000000)
  region size 1024K, 5 young (5120K), 5 survivors (5120K)
 Metaspace       used 9269K, committed 9472K, reserved 1114112K
  class space    used 989K, committed 1088K, reserved 1048576K
}
Event: 4.455 GC heap before
{Heap before GC invocations=32 (full 0):
 garbage-first heap   total 103424K, used 67584K [0x000000008a600000, 0x0000000100000000)
  region size 1024K, 10 young (10240K), 5 survivors (5120K)
 Metaspace       used 9292K, committed 9472K, reserved 1114112K
  class space    used 989K, committed 1088K, reserved 1048576K
}
Event: 4.470 GC heap after
{Heap after GC invocations=33 (full 0):
 garbage-first heap   total 103424K, used 67071K [0x000000008a600000, 0x0000000100000000)
  region size 1024K, 3 young (3072K), 3 survivors (3072K)
 Metaspace       used 9292K, committed 9472K, reserved 1114112K
  class space    used 989K, committed 1088K, reserved 1048576K
}
Event: 4.593 GC heap before
{Heap before GC invocations=34 (full 0):
 garbage-first heap   total 122880K, used 78335K [0x000000008a600000, 0x0000000100000000)
  region size 1024K, 12 young (12288K), 3 survivors (3072K)
 Metaspace       used 9424K, committed 9600K, reserved 1114112K
  class space    used 992K, committed 1088K, reserved 1048576K
}
Event: 4.606 GC heap after
{Heap after GC invocations=35 (full 0):
 garbage-first heap   total 122880K, used 70656K [0x000000008a600000, 0x0000000100000000)
  region size 1024K, 2 young (2048K), 2 survivors (2048K)
 Metaspace       used 9424K, committed 9600K, reserved 1114112K
  class space    used 992K, committed 1088K, reserved 1048576K
}
Event: 4.785 GC heap before
{Heap before GC invocations=35 (full 0):
 garbage-first heap   total 122880K, used 88064K [0x000000008a600000, 0x0000000100000000)
  region size 1024K, 19 young (19456K), 2 survivors (2048K)
 Metaspace       used 9515K, committed 9728K, reserved 1114112K
  class space    used 992K, committed 1088K, reserved 1048576K
}
Event: 4.799 GC heap after
{Heap after GC invocations=36 (full 0):
 garbage-first heap   total 245760K, used 74600K [0x000000008a600000, 0x0000000100000000)
  region size 1024K, 3 young (3072K), 3 survivors (3072K)
 Metaspace       used 9515K, committed 9728K, reserved 1114112K
  class space    used 992K, committed 1088K, reserved 1048576K
}
Event: 6.588 GC heap before
{Heap before GC invocations=37 (full 0):
 garbage-first heap   total 245760K, used 152424K [0x000000008a600000, 0x0000000100000000)
  region size 1024K, 76 young (77824K), 3 survivors (3072K)
 Metaspace       used 11395K, committed 11584K, reserved 1114112K
  class space    used 1122K, committed 1216K, reserved 1048576K
}
Event: 6.602 GC heap after
{Heap after GC invocations=38 (full 0):
 garbage-first heap   total 245760K, used 83409K [0x000000008a600000, 0x0000000100000000)
  region size 1024K, 10 young (10240K), 10 survivors (10240K)
 Metaspace       used 11395K, committed 11584K, reserved 1114112K
  class space    used 1122K, committed 1216K, reserved 1048576K
}
Event: 6.622 GC heap before
{Heap before GC invocations=38 (full 0):
 garbage-first heap   total 245760K, used 85457K [0x000000008a600000, 0x0000000100000000)
  region size 1024K, 12 young (12288K), 10 survivors (10240K)
 Metaspace       used 11405K, committed 11584K, reserved 1114112K
  class space    used 1122K, committed 1216K, reserved 1048576K
}
Event: 6.635 GC heap after
{Heap after GC invocations=39 (full 0):
 garbage-first heap   total 245760K, used 84704K [0x000000008a600000, 0x0000000100000000)
  region size 1024K, 2 young (2048K), 2 survivors (2048K)
 Metaspace       used 11405K, committed 11584K, reserved 1114112K
  class space    used 1122K, committed 1216K, reserved 1048576K
}
Event: 7.575 GC heap before
{Heap before GC invocations=39 (full 0):
 garbage-first heap   total 245760K, used 160480K [0x000000008a600000, 0x0000000100000000)
  region size 1024K, 76 young (77824K), 2 survivors (2048K)
 Metaspace       used 11696K, committed 11904K, reserved 1114112K
  class space    used 1123K, committed 1216K, reserved 1048576K
}
Event: 7.582 GC heap after
{Heap after GC invocations=40 (full 0):
 garbage-first heap   total 245760K, used 87902K [0x000000008a600000, 0x0000000100000000)
  region size 1024K, 5 young (5120K), 5 survivors (5120K)
 Metaspace       used 11696K, committed 11904K, reserved 1114112K
  class space    used 1123K, committed 1216K, reserved 1048576K
}
Event: 8.244 GC heap before
{Heap before GC invocations=40 (full 0):
 garbage-first heap   total 245760K, used 171870K [0x000000008a600000, 0x0000000100000000)
  region size 1024K, 87 young (89088K), 5 survivors (5120K)
 Metaspace       used 11828K, committed 12032K, reserved 1114112K
  class space    used 1123K, committed 1216K, reserved 1048576K
}
Event: 8.254 GC heap after
{Heap after GC invocations=41 (full 0):
 garbage-first heap   total 245760K, used 91839K [0x000000008a600000, 0x0000000100000000)
  region size 1024K, 9 young (9216K), 9 survivors (9216K)
 Metaspace       used 11828K, committed 12032K, reserved 1114112K
  class space    used 1123K, committed 1216K, reserved 1048576K
}
Event: 8.855 GC heap before
{Heap before GC invocations=41 (full 0):
 garbage-first heap   total 245760K, used 181951K [0x000000008a600000, 0x0000000100000000)
  region size 1024K, 97 young (99328K), 9 survivors (9216K)
 Metaspace       used 11892K, committed 12096K, reserved 1114112K
  class space    used 1123K, committed 1216K, reserved 1048576K
}
Event: 8.869 GC heap after
{Heap after GC invocations=42 (full 0):
 garbage-first heap   total 245760K, used 96371K [0x000000008a600000, 0x0000000100000000)
  region size 1024K, 9 young (9216K), 9 survivors (9216K)
 Metaspace       used 11892K, committed 12096K, reserved 1114112K
  class space    used 1123K, committed 1216K, reserved 1048576K
}

