# JRE version: OpenJDK Runtime Environment Microsoft-8297089 (17.0.8.1+1) (build 17.0.8.1+1-LTS)
# Java VM: OpenJDK 64-Bit Server VM Microsoft-8297089 (17.0.8.1+1-LTS, mixed mode, sharing, tiered, compressed oops, compressed class ptrs, g1 gc, windows-amd64)
GC Precious Log:
 CPUs: 12 total, 12 available
 Memory: 7520M
 Large Page Support: Disabled
 NUMA Support: Disabled
 Compressed Oops: Enabled (32-bit)
 Heap Region Size: 1M
 Heap Min Capacity: 8M
 Heap Initial Capacity: 118M
 Heap Max Capacity: 1G
 Pre-touch: Disabled
 Parallel Workers: 10
 Concurrent Workers: 3
 Concurrent Refinement Workers: 10
 Periodic GC: Disabled
Heap:
 garbage-first heap   total 557056K, used 278405K [0x00000000c0000000, 0x0000000100000000)
  region size 1024K, 15 young (15360K), 1 survivors (1024K)
 Metaspace       used 18270K, committed 18624K, reserved 1114112K
  class space    used 2511K, committed 2688K, reserved 1048576K
GC Heap History (20 events):
Event: 3.261 GC heap before
{Heap before GC invocations=11 (full 0):
 garbage-first heap   total 368640K, used 254459K [0x00000000c0000000, 0x0000000100000000)
  region size 1024K, 133 young (136192K), 19 survivors (19456K)
 Metaspace       used 9910K, committed 10176K, reserved 1114112K
  class space    used 1218K, committed 1344K, reserved 1048576K
}
Event: 3.293 GC heap after
{Heap after GC invocations=12 (full 0):
 garbage-first heap   total 368640K, used 157489K [0x00000000c0000000, 0x0000000100000000)
  region size 1024K, 17 young (17408K), 17 survivors (17408K)
 Metaspace       used 9910K, committed 10176K, reserved 1114112K
  class space    used 1218K, committed 1344K, reserved 1048576K
}
Event: 3.456 GC heap before
{Heap before GC invocations=12 (full 0):
 garbage-first heap   total 368640K, used 269105K [0x00000000c0000000, 0x0000000100000000)
  region size 1024K, 126 young (129024K), 17 survivors (17408K)
 Metaspace       used 9916K, committed 10176K, reserved 1114112K
  class space    used 1218K, committed 1344K, reserved 1048576K
}
Event: 3.482 GC heap after
{Heap after GC invocations=13 (full 0):
 garbage-first heap   total 368640K, used 177152K [0x00000000c0000000, 0x0000000100000000)
  region size 1024K, 16 young (16384K), 16 survivors (16384K)
 Metaspace       used 9916K, committed 10176K, reserved 1114112K
  class space    used 1218K, committed 1344K, reserved 1048576K
}
Event: 3.833 GC heap before
{Heap before GC invocations=13 (full 0):
 garbage-first heap   total 368640K, used 279552K [0x00000000c0000000, 0x0000000100000000)
  region size 1024K, 117 young (119808K), 16 survivors (16384K)
 Metaspace       used 11824K, committed 12096K, reserved 1114112K
  class space    used 1473K, committed 1600K, reserved 1048576K
}
Event: 3.858 GC heap after
{Heap after GC invocations=14 (full 0):
 garbage-first heap   total 527360K, used 195029K [0x00000000c0000000, 0x0000000100000000)
  region size 1024K, 15 young (15360K), 15 survivors (15360K)
 Metaspace       used 11824K, committed 12096K, reserved 1114112K
  class space    used 1473K, committed 1600K, reserved 1048576K
}
Event: 4.379 GC heap before
{Heap before GC invocations=14 (full 0):
 garbage-first heap   total 527360K, used 379349K [0x00000000c0000000, 0x0000000100000000)
  region size 1024K, 195 young (199680K), 15 survivors (15360K)
 Metaspace       used 12173K, committed 12416K, reserved 1114112K
  class space    used 1514K, committed 1600K, reserved 1048576K
}
Event: 4.429 GC heap after
{Heap after GC invocations=15 (full 0):
 garbage-first heap   total 527360K, used 226665K [0x00000000c0000000, 0x0000000100000000)
  region size 1024K, 25 young (25600K), 25 survivors (25600K)
 Metaspace       used 12173K, committed 12416K, reserved 1114112K
  class space    used 1514K, committed 1600K, reserved 1048576K
}
Event: 4.787 GC heap before
{Heap before GC invocations=15 (full 0):
 garbage-first heap   total 527360K, used 395625K [0x00000000c0000000, 0x0000000100000000)
  region size 1024K, 190 young (194560K), 25 survivors (25600K)
 Metaspace       used 12231K, committed 12480K, reserved 1114112K
  class space    used 1514K, committed 1600K, reserved 1048576K
}
Event: 4.817 GC heap after
{Heap after GC invocations=16 (full 0):
 garbage-first heap   total 527360K, used 254716K [0x00000000c0000000, 0x0000000100000000)
  region size 1024K, 24 young (24576K), 24 survivors (24576K)
 Metaspace       used 12231K, committed 12480K, reserved 1114112K
  class space    used 1514K, committed 1600K, reserved 1048576K
}
Event: 5.138 GC heap before
{Heap before GC invocations=16 (full 0):
 garbage-first heap   total 527360K, used 411388K [0x00000000c0000000, 0x0000000100000000)
  region size 1024K, 175 young (179200K), 24 survivors (24576K)
 Metaspace       used 12292K, committed 12480K, reserved 1114112K
  class space    used 1523K, committed 1600K, reserved 1048576K
}
Event: 5.167 GC heap after
{Heap after GC invocations=17 (full 0):
 garbage-first heap   total 527360K, used 282624K [0x00000000c0000000, 0x0000000100000000)
  region size 1024K, 22 young (22528K), 22 survivors (22528K)
 Metaspace       used 12292K, committed 12480K, reserved 1114112K
  class space    used 1523K, committed 1600K, reserved 1048576K
}
Event: 5.474 GC heap before
{Heap before GC invocations=17 (full 0):
 garbage-first heap   total 527360K, used 297984K [0x00000000c0000000, 0x0000000100000000)
  region size 1024K, 39 young (39936K), 22 survivors (22528K)
 Metaspace       used 15925K, committed 16256K, reserved 1114112K
  class space    used 2213K, committed 2368K, reserved 1048576K
}
Event: 5.493 GC heap after
{Heap after GC invocations=18 (full 0):
 garbage-first heap   total 527360K, used 289603K [0x00000000c0000000, 0x0000000100000000)
  region size 1024K, 5 young (5120K), 5 survivors (5120K)
 Metaspace       used 15925K, committed 16256K, reserved 1114112K
  class space    used 2213K, committed 2368K, reserved 1048576K
}
Event: 6.428 GC heap before
{Heap before GC invocations=19 (full 0):
 garbage-first heap   total 557056K, used 440131K [0x00000000c0000000, 0x0000000100000000)
  region size 1024K, 137 young (140288K), 5 survivors (5120K)
 Metaspace       used 17873K, committed 18176K, reserved 1114112K
  class space    used 2501K, committed 2624K, reserved 1048576K
}
Event: 6.433 GC heap after
{Heap after GC invocations=20 (full 0):
 garbage-first heap   total 557056K, used 294424K [0x00000000c0000000, 0x0000000100000000)
  region size 1024K, 5 young (5120K), 5 survivors (5120K)
 Metaspace       used 17873K, committed 18176K, reserved 1114112K
  class space    used 2501K, committed 2624K, reserved 1048576K
}
Event: 6.511 GC heap before
{Heap before GC invocations=20 (full 0):
 garbage-first heap   total 557056K, used 316952K [0x00000000c0000000, 0x0000000100000000)
  region size 1024K, 27 young (27648K), 5 survivors (5120K)
 Metaspace       used 18017K, committed 18304K, reserved 1114112K
  class space    used 2501K, committed 2624K, reserved 1048576K
}
Event: 6.521 GC heap after
{Heap after GC invocations=21 (full 0):
 garbage-first heap   total 557056K, used 264428K [0x00000000c0000000, 0x0000000100000000)
  region size 1024K, 1 young (1024K), 1 survivors (1024K)
 Metaspace       used 18017K, committed 18304K, reserved 1114112K
  class space    used 2501K, committed 2624K, reserved 1048576K
}
Event: 6.591 GC heap before
{Heap before GC invocations=21 (full 0):
 garbage-first heap   total 557056K, used 285932K [0x00000000c0000000, 0x0000000100000000)
  region size 1024K, 23 young (23552K), 1 survivors (1024K)
 Metaspace       used 18150K, committed 18432K, reserved 1114112K
  class space    used 2501K, committed 2624K, reserved 1048576K
}
Event: 6.593 GC heap after
{Heap after GC invocations=22 (full 0):
 garbage-first heap   total 557056K, used 264069K [0x00000000c0000000, 0x0000000100000000)
  region size 1024K, 1 young (1024K), 1 survivors (1024K)
 Metaspace       used 18150K, committed 18432K, reserved 1114112K
  class space    used 2501K, committed 2624K, reserved 1048576K
}

